<?xml version="1.0" encoding="UTF-8"?>
<testng-results ignored="0" total="2" passed="2" failed="0" skipped="0">
  <reporter-output>
    <line>
      <![CDATA[Click on Forgot Password Link:[[ChromeDriver: chrome on WINDOWS (1301ff04b1437d11d0830b9942945478)] -> xpath: //div[@class = 'orangehrm-login-forgot']/p[text() = 'Forgot your password? ']]]]>
    </line>
    <line>
      <![CDATA[Verify Actual Text of Reset Password Link:[[ChromeDriver: chrome on WINDOWS (1301ff04b1437d11d0830b9942945478)] -> xpath: //div[@class = 'orangehrm-card-container']/form/h6[text() = 'Reset Password']]]]>
    </line>
    <line>
      <![CDATA[Enter Username Admin to email field [[ChromeDriver: chrome on WINDOWS (b90d2e275b85cb7c72c4588d5311838c)] -> name: username]]]>
    </line>
    <line>
      <![CDATA[Enter Username admin123 to email field [[ChromeDriver: chrome on WINDOWS (b90d2e275b85cb7c72c4588d5311838c)] -> name: password]]]>
    </line>
    <line>
      <![CDATA[Click on Login Button: [[ChromeDriver: chrome on WINDOWS (b90d2e275b85cb7c72c4588d5311838c)] -> xpath: //button[@type = 'submit']]]]>
    </line>
    <line>
      <![CDATA[Get Success Message from DashBoard : [[ChromeDriver: chrome on WINDOWS (b90d2e275b85cb7c72c4588d5311838c)] -> xpath: //span/h6[text() = 'Dashboard']]]]>
    </line>
  </reporter-output>
  <suite started-at="2022-12-12T00:05:15 GMT" name="Regression Suite" finished-at="2022-12-12T00:05:25 GMT" duration-ms="10281">
    <groups>
      <group name="regression">
        <method signature="ForgotPasswordTest.userShouldNavigateToForgotPasswordPageSuccessfully()[pri:0, instance:com.orangehrmlive.demo.testsuite.ForgotPasswordTest@38c6f217]" name="userShouldNavigateToForgotPasswordPageSuccessfully" class="com.orangehrmlive.demo.testsuite.ForgotPasswordTest"/>
        <method signature="LoginPageTest.userShouldLoginSuccessfullyWithValidCredentials()[pri:0, instance:com.orangehrmlive.demo.testsuite.LoginPageTest@2b71e916]" name="userShouldLoginSuccessfullyWithValidCredentials" class="com.orangehrmlive.demo.testsuite.LoginPageTest"/>
      </group> <!-- regression -->
      <group name="sanity">
        <method signature="ForgotPasswordTest.userShouldNavigateToForgotPasswordPageSuccessfully()[pri:0, instance:com.orangehrmlive.demo.testsuite.ForgotPasswordTest@38c6f217]" name="userShouldNavigateToForgotPasswordPageSuccessfully" class="com.orangehrmlive.demo.testsuite.ForgotPasswordTest"/>
        <method signature="LoginPageTest.userShouldLoginSuccessfullyWithValidCredentials()[pri:0, instance:com.orangehrmlive.demo.testsuite.LoginPageTest@2b71e916]" name="userShouldLoginSuccessfullyWithValidCredentials" class="com.orangehrmlive.demo.testsuite.LoginPageTest"/>
      </group> <!-- sanity -->
    </groups>
    <test started-at="2022-12-12T00:05:15 GMT" name="Regression Test ForgotPassword" finished-at="2022-12-12T00:05:20 GMT" duration-ms="5371">
      <class name="com.orangehrmlive.demo.testsuite.ForgotPasswordTest">
        <test-method is-config="true" signature="setUp()[pri:0, instance:com.orangehrmlive.demo.testsuite.ForgotPasswordTest@38c6f217]" started-at="2022-12-12T00:05:15 GMT" name="setUp" finished-at="2022-12-12T00:05:19 GMT" duration-ms="3891" status="PASS">
          <reporter-output>
          </reporter-output>
        </test-method> <!-- setUp -->
        <test-method is-config="true" signature="inIT()[pri:0, instance:com.orangehrmlive.demo.testsuite.ForgotPasswordTest@38c6f217]" started-at="2022-12-12T00:05:19 GMT" name="inIT" finished-at="2022-12-12T00:05:19 GMT" duration-ms="19" status="PASS">
          <reporter-output>
          </reporter-output>
        </test-method> <!-- inIT -->
        <test-method signature="userShouldNavigateToForgotPasswordPageSuccessfully()[pri:0, instance:com.orangehrmlive.demo.testsuite.ForgotPasswordTest@38c6f217]" started-at="2022-12-12T00:05:19 GMT" name="userShouldNavigateToForgotPasswordPageSuccessfully" finished-at="2022-12-12T00:05:20 GMT" duration-ms="859" status="PASS">
          <reporter-output>
            <line>
              <![CDATA[Click on Forgot Password Link:[[ChromeDriver: chrome on WINDOWS (1301ff04b1437d11d0830b9942945478)] -> xpath: //div[@class = 'orangehrm-login-forgot']/p[text() = 'Forgot your password? ']]]]>
            </line>
            <line>
              <![CDATA[Verify Actual Text of Reset Password Link:[[ChromeDriver: chrome on WINDOWS (1301ff04b1437d11d0830b9942945478)] -> xpath: //div[@class = 'orangehrm-card-container']/form/h6[text() = 'Reset Password']]]]>
            </line>
          </reporter-output>
        </test-method> <!-- userShouldNavigateToForgotPasswordPageSuccessfully -->
        <test-method is-config="true" signature="tearDown()[pri:0, instance:com.orangehrmlive.demo.testsuite.ForgotPasswordTest@38c6f217]" started-at="2022-12-12T00:05:20 GMT" name="tearDown" finished-at="2022-12-12T00:05:20 GMT" duration-ms="267" status="PASS">
          <reporter-output>
          </reporter-output>
        </test-method> <!-- tearDown -->
      </class> <!-- com.orangehrmlive.demo.testsuite.ForgotPasswordTest -->
    </test> <!-- Regression Test ForgotPassword -->
    <test started-at="2022-12-12T00:05:21 GMT" name="Regression Test LoginPage" finished-at="2022-12-12T00:05:25 GMT" duration-ms="4511">
      <class name="com.orangehrmlive.demo.testsuite.LoginPageTest">
        <test-method is-config="true" signature="setUp()[pri:0, instance:com.orangehrmlive.demo.testsuite.LoginPageTest@2b71e916]" started-at="2022-12-12T00:05:21 GMT" name="setUp" finished-at="2022-12-12T00:05:23 GMT" duration-ms="2487" status="PASS">
          <reporter-output>
          </reporter-output>
        </test-method> <!-- setUp -->
        <test-method is-config="true" signature="inIT()[pri:0, instance:com.orangehrmlive.demo.testsuite.LoginPageTest@2b71e916]" started-at="2022-12-12T00:05:23 GMT" name="inIT" finished-at="2022-12-12T00:05:23 GMT" duration-ms="1" status="PASS">
          <reporter-output>
          </reporter-output>
        </test-method> <!-- inIT -->
        <test-method signature="userShouldLoginSuccessfullyWithValidCredentials()[pri:0, instance:com.orangehrmlive.demo.testsuite.LoginPageTest@2b71e916]" started-at="2022-12-12T00:05:23 GMT" name="userShouldLoginSuccessfullyWithValidCredentials" finished-at="2022-12-12T00:05:25 GMT" duration-ms="1779" status="PASS">
          <reporter-output>
            <line>
              <![CDATA[Enter Username Admin to email field [[ChromeDriver: chrome on WINDOWS (b90d2e275b85cb7c72c4588d5311838c)] -> name: username]]]>
            </line>
            <line>
              <![CDATA[Enter Username admin123 to email field [[ChromeDriver: chrome on WINDOWS (b90d2e275b85cb7c72c4588d5311838c)] -> name: password]]]>
            </line>
            <line>
              <![CDATA[Click on Login Button: [[ChromeDriver: chrome on WINDOWS (b90d2e275b85cb7c72c4588d5311838c)] -> xpath: //button[@type = 'submit']]]]>
            </line>
            <line>
              <![CDATA[Get Success Message from DashBoard : [[ChromeDriver: chrome on WINDOWS (b90d2e275b85cb7c72c4588d5311838c)] -> xpath: //span/h6[text() = 'Dashboard']]]]>
            </line>
          </reporter-output>
        </test-method> <!-- userShouldLoginSuccessfullyWithValidCredentials -->
        <test-method is-config="true" signature="tearDown()[pri:0, instance:com.orangehrmlive.demo.testsuite.LoginPageTest@2b71e916]" started-at="2022-12-12T00:05:25 GMT" name="tearDown" finished-at="2022-12-12T00:05:25 GMT" duration-ms="241" status="PASS">
          <reporter-output>
          </reporter-output>
        </test-method> <!-- tearDown -->
      </class> <!-- com.orangehrmlive.demo.testsuite.LoginPageTest -->
    </test> <!-- Regression Test LoginPage -->
  </suite> <!-- Regression Suite -->
</testng-results>
